set ucliGUI::state
set ucliGUI::state
ucliCore::getToolPID
synopsys::env hasTB
trigger_hier_stack_context_switch 0
synUtils::setDVEInitPhase 1
synopsys::dump -type VPD -file /afs/andrew.cmu.edu/usr15/snarita/private/projects/fpga-i2c/inter.vpd -locking
synopsys::dump -autoflush on -fid VPD0
set ::dve_fid VPD0
synUtils::setDVEInitPhase 0
ucliCore::getToolPID
synUtils::sendTool -active _icl_setToolSocket /tmp/smlnpibZqc6
synUtils::sendTool -active {_icl_start_rpc -version "T-2022.06_Full64" -sync_file /tmp/vcs_dve_rpc.snarita.621578}
synUtils::sendTool -active {_icl_createSharedMemory /tmp/vcs_dve_general.snarita.621578}
config endofsim noexit
config onfail enable all
config syscaddplainmembers
config syscaddsourcenames
config syscaddstructtypes
synopsys::listing -disable
synopsys::dump -add {I2C_test.dut.buffer I2C_test.dut.clock I2C_test.dut.delay I2C_test.dut.done I2C_test.dut.error I2C_test.dut.finished_sendclear I2C_test.dut.finished_sendhello I2C_test.dut.reset I2C_test.dut.scl I2C_test.dut.sda I2C_test.dut.send_hello I2C_test.dut.sending_clear I2C_test.dut.sending_hello I2C_test.dut.start_sendclear I2C_test.dut.start_sendhello } -aggregates  -fid VPD0
synopsys::run
set ucliGUI::state
set ucliGUI::state
set ucliGUI::state
set ucliGUI::state
