# Preference setting overrides
gui_create_pref_key -category {Globals} -key {load_detail_for_funcov} -value_type {bool} -value {false}

# State setting overrides
gui_state_default_create -off -ini
gui_set_state_value -category Layout -key child_console_size_x -value 1279
gui_set_state_value -category Layout -key child_console_size_y -value 126
gui_set_state_value -category Layout -key child_data_coltype -value 80
gui_set_state_value -category Layout -key child_data_colvariable -value 179
gui_set_state_value -category Layout -key child_data_size_x -value 105
gui_set_state_value -category Layout -key child_data_size_y -value 503
gui_set_state_value -category Layout -key child_driver_size_x -value 1007
gui_set_state_value -category Layout -key child_driver_size_y -value 179
gui_set_state_value -category Layout -key child_hier_col3 -value {-1}
gui_set_state_value -category Layout -key child_hier_colhier -value 141
gui_set_state_value -category Layout -key child_hier_colpd -value 0
gui_set_state_value -category Layout -key child_hier_coltype -value 80
gui_set_state_value -category Layout -key child_hier_size_x -value 142
gui_set_state_value -category Layout -key child_hier_size_y -value 503
gui_set_state_value -category Layout -key child_hier_sort_order -value 1
gui_set_state_value -category Layout -key child_list_down -value 184
gui_set_state_value -category Layout -key child_list_right -value 444
gui_set_state_value -category Layout -key child_source_docknewline -value false
gui_set_state_value -category Layout -key child_source_pos_x -value {-2}
gui_set_state_value -category Layout -key child_source_pos_y -value {-15}
gui_set_state_value -category Layout -key child_source_size_x -value 1035
gui_set_state_value -category Layout -key child_source_size_y -value 498
gui_set_state_value -category Layout -key child_wave_colname -value 183
gui_set_state_value -category Layout -key child_wave_colvalue -value 183
gui_set_state_value -category Layout -key child_wave_left -value 370
gui_set_state_value -category Layout -key child_wave_right -value 904
gui_set_state_value -category Layout -key main_pos_x -value 0
gui_set_state_value -category Layout -key main_pos_y -value 23
gui_set_state_value -category Layout -key main_size_x -value 1279
gui_set_state_value -category Layout -key main_size_y -value 751
gui_set_state_value -category Layout -key stand_list_child_pos_x -value {-2}
gui_set_state_value -category Layout -key stand_list_child_pos_y -value {-15}
gui_set_state_value -category Layout -key stand_list_child_size_x -value 604
gui_set_state_value -category Layout -key stand_list_child_size_y -value 329
gui_set_state_value -category Layout -key stand_list_top_pos_x -value 966
gui_set_state_value -category Layout -key stand_list_top_pos_y -value 387
gui_set_state_value -category Layout -key stand_list_top_size_x -value 1565
gui_set_state_value -category Layout -key stand_list_top_size_y -value 886
gui_set_state_value -category Layout -key stand_wave_child_docknewline -value false
gui_set_state_value -category Layout -key stand_wave_child_pos_x -value {-2}
gui_set_state_value -category Layout -key stand_wave_child_pos_y -value {-15}
gui_set_state_value -category Layout -key stand_wave_child_size_x -value 1284
gui_set_state_value -category Layout -key stand_wave_child_size_y -value 624
gui_set_state_value -category Layout -key stand_wave_top_pos_x -value 0
gui_set_state_value -category Layout -key stand_wave_top_pos_y -value 23
gui_set_state_value -category Layout -key stand_wave_top_size_x -value 1279
gui_set_state_value -category Layout -key stand_wave_top_size_y -value 751
gui_create_state_key -category FindDialog -key m_pMatchCase -value_type bool -value false
gui_create_state_key -category FindDialog -key m_pMatchWord -value_type bool -value false
gui_create_state_key -category FindDialog -key m_pUseCombo -value_type string -value {}
gui_create_state_key -category FindDialog -key m_pWrapAround -value_type bool -value true
gui_create_state_key -category Widget_History -key Find|m_pFindFrame|m_pFindCombo -value_type string -value {pkt_in 943769}
gui_create_state_key -category Widget_History -key Search.1|m_pStringCombo -value_type string -value pkt_in
gui_create_state_key -category Widget_History -key TopLevel.1|qt_top_dock|&Edit|FindCombo -value_type string -value {pkt_in 943769}
gui_create_state_key -category Widget_History -key TopLevel.2|qt_top_dock|&Edit|FindCombo -value_type string -value {pkt_in 943769}
gui_create_state_key -category Widget_History -key {dlgSimSetup|m_setupTab|tab pages|SimTab|m_VPDCombo} -value_type string -value inter.vpd
gui_create_state_key -category Widget_History -key {dlgSimSetup|m_setupTab|tab pages|SimTab|m_argsCombo} -value_type string -value {+ABORT {-ucligui +SIMPLE} +SIMPLE}
gui_create_state_key -category Widget_History -key {dlgSimSetup|m_setupTab|tab pages|SimTab|m_curDirCombo} -value_type string -value {/afs/andrew.cmu.edu/usr15/snarita/private/18341/p5-usb-coder6583 /afs/andrew.cmu.edu/usr15/snarita/private/18341/p5-usb-matthew_soma}
gui_create_state_key -category Widget_History -key {dlgSimSetup|m_setupTab|tab pages|SimTab|m_exeCombo} -value_type string -value {./simv /afs/andrew.cmu.edu/usr15/snarita/private/18341/p5-usb-matthew_soma/simv}
gui_create_state_key -category SearchDialog -key MatchCase -value_type bool -value false
gui_create_state_key -category SearchDialog -key MatchWord -value_type bool -value true
gui_create_state_key -category SearchDialog -key SearchMode -value_type string -value Wildcards
gui_create_state_key -category SearchDialog -key UseCombo -value_type bool -value true
gui_state_default_create -off

# Begin command logging
gui_sim_run Ucli -exe ./simv -args {-ucligui  } -dir .
gui_list_expand -id  Hier.1   I2C_test
gui_list_expand -id  Hier.1   I2C_test.dut
gui_list_select -id Hier.1 -current_item_name I2C_test.dut.sh -current_item_type Scope  -selected  { I2C_test.dut.sh   }
gui_list_select -id Hier.1 -current_item_name I2C_test.dut -current_item_type Scope  -selected  { I2C_test.dut   }
gui_list_select -id Data.1 -selected  { I2C_test.dut.error   }
gui_list_select_all -id Data.1
gui_open_window Wave
gui_list_add -id Wave.1 -from Data.1 { I2C_test.dut.clock I2C_test.dut.reset I2C_test.dut.send_hello I2C_test.dut.done I2C_test.dut.error I2C_test.dut.sda I2C_test.dut.scl I2C_test.dut.start_sendclear I2C_test.dut.finished_sendclear I2C_test.dut.start_sendhello I2C_test.dut.finished_sendhello {I2C_test.dut.delay[15:0]} I2C_test.dut.sending_clear I2C_test.dut.buffer I2C_test.dut.sending_hello } -insertionbar
gui_wv_zoom_timerange -id  Wave.1 0 294
gui_sim_continue  
gui_zoom -window Wave.1 -full
gui_wv_zoom_timerange -id  Wave.1 0 151593156
gui_list_select -id Wave.1 -selected  { I2C_test.dut.finished_sendclear   }
gui_wv_zoom_timerange -id  Wave.1 0 140103629
gui_wv_scroll_hslidermove -id  Wave.1 1459
gui_zoom -window Wave.1 -full
gui_wv_zoom_timerange -id  Wave.1 140294287 401109842
gui_zoom -window Wave.1 -full
gui_list_select -id Wave.1 -selected  { I2C_test.dut.finished_sendhello   }
gui_marker_move -id  Wave.1 C1 410525566
gui_marker_move -id  Wave.1 C1 414291855
gui_wv_zoom_timerange -id  Wave.1 400168269 420412076
gui_marker_move -id  Wave.1 C1 416211756
gui_marker_select -id  Wave.1 { C1 }
gui_marker_move -id  Wave.1 C1 416165000
gui_zoom -window Wave.1 -full
gui_wv_zoom_timerange -id  Wave.1 139823501 420882862
